# JRE version: OpenJDK Runtime Environment (8.0_242-b01) (build 1.8.0_242-release-1644-b01)
# Java VM: OpenJDK 64-Bit Server VM (25.242-b01 mixed mode windows-amd64 compressed oops)
Heap:
 PSYoungGen      total 453632K, used 112664K [0x00000000e0000000, 0x0000000100000000, 0x0000000100000000)
  eden space 379392K, 23% used [0x00000000e0000000,0x00000000e58db4b0,0x00000000f7280000)
  from space 74240K, 29% used [0x00000000fb780000,0x00000000fccaac98,0x0000000100000000)
  to   space 70656K, 0% used [0x00000000f7280000,0x00000000f7280000,0x00000000fb780000)
 ParOldGen       total 412672K, used 283781K [0x00000000a0000000, 0x00000000b9300000, 0x00000000e0000000)
  object space 412672K, 68% used [0x00000000a0000000,0x00000000b15216a8,0x00000000b9300000)
 Metaspace       used 151491K, capacity 159876K, committed 160064K, reserved 1189888K
  class space    used 18870K, capacity 20593K, committed 20608K, reserved 1048576K
GC Heap History (10 events):
Event: 501.232 GC heap before
{Heap before GC invocations=52 (full 6):
 PSYoungGen      total 441856K, used 384384K [0x00000000e0000000, 0x00000000ff700000, 0x0000000100000000)
  eden space 369664K, 100% used [0x00000000e0000000,0x00000000f6900000,0x00000000f6900000)
  from space 72192K, 20% used [0x00000000f6900000,0x00000000f7760168,0x00000000faf80000)
  to   space 69120K, 0% used [0x00000000fb380000,0x00000000fb380000,0x00000000ff700000)
 ParOldGen       total 412672K, used 191572K [0x00000000a0000000, 0x00000000b9300000, 0x00000000e0000000)
  object space 412672K, 46% used [0x00000000a0000000,0x00000000abb15250,0x00000000b9300000)
 Metaspace       used 142803K, capacity 149272K, committed 149568K, reserved 1179648K
  class space    used 17555K, capacity 18999K, committed 19072K, reserved 1048576K
Event: 501.258 GC heap after
Heap after GC invocations=52 (full 6):
 PSYoungGen      total 446976K, used 33046K [0x00000000e0000000, 0x00000000ffb00000, 0x0000000100000000)
  eden space 377856K, 0% used [0x00000000e0000000,0x00000000e0000000,0x00000000f7100000)
  from space 69120K, 47% used [0x00000000fb380000,0x00000000fd3c5830,0x00000000ff700000)
  to   space 68096K, 0% used [0x00000000f7100000,0x00000000f7100000,0x00000000fb380000)
 ParOldGen       total 412672K, used 200980K [0x00000000a0000000, 0x00000000b9300000, 0x00000000e0000000)
  object space 412672K, 48% used [0x00000000a0000000,0x00000000ac445078,0x00000000b9300000)
 Metaspace       used 142803K, capacity 149272K, committed 149568K, reserved 1179648K
  class space    used 17555K, capacity 18999K, committed 19072K, reserved 1048576K
}
Event: 503.108 GC heap before
{Heap before GC invocations=53 (full 6):
 PSYoungGen      total 446976K, used 410902K [0x00000000e0000000, 0x00000000ffb00000, 0x0000000100000000)
  eden space 377856K, 100% used [0x00000000e0000000,0x00000000f7100000,0x00000000f7100000)
  from space 69120K, 47% used [0x00000000fb380000,0x00000000fd3c5830,0x00000000ff700000)
  to   space 68096K, 0% used [0x00000000f7100000,0x00000000f7100000,0x00000000fb380000)
 ParOldGen       total 412672K, used 200980K [0x00000000a0000000, 0x00000000b9300000, 0x00000000e0000000)
  object space 412672K, 48% used [0x00000000a0000000,0x00000000ac445078,0x00000000b9300000)
 Metaspace       used 142983K, capacity 149494K, committed 149824K, reserved 1179648K
  class space    used 17568K, capacity 19006K, committed 19072K, reserved 1048576K
Event: 503.121 GC heap after
Heap after GC invocations=53 (full 6):
 PSYoungGen      total 445952K, used 10496K [0x00000000e0000000, 0x00000000ffb00000, 0x0000000100000000)
  eden space 377856K, 0% used [0x00000000e0000000,0x00000000e0000000,0x00000000f7100000)
  from space 68096K, 15% used [0x00000000f7100000,0x00000000f7b40240,0x00000000fb380000)
  to   space 66048K, 0% used [0x00000000fba80000,0x00000000fba80000,0x00000000ffb00000)
 ParOldGen       total 412672K, used 213505K [0x00000000a0000000, 0x00000000b9300000, 0x00000000e0000000)
  object space 412672K, 51% used [0x00000000a0000000,0x00000000ad080548,0x00000000b9300000)
 Metaspace       used 142983K, capacity 149494K, committed 149824K, reserved 1179648K
  class space    used 17568K, capacity 19006K, committed 19072K, reserved 1048576K
}
Event: 504.193 GC heap before
{Heap before GC invocations=54 (full 6):
 PSYoungGen      total 445952K, used 388352K [0x00000000e0000000, 0x00000000ffb00000, 0x0000000100000000)
  eden space 377856K, 100% used [0x00000000e0000000,0x00000000f7100000,0x00000000f7100000)
  from space 68096K, 15% used [0x00000000f7100000,0x00000000f7b40240,0x00000000fb380000)
  to   space 66048K, 0% used [0x00000000fba80000,0x00000000fba80000,0x00000000ffb00000)
 ParOldGen       total 412672K, used 213513K [0x00000000a0000000, 0x00000000b9300000, 0x00000000e0000000)
  object space 412672K, 51% used [0x00000000a0000000,0x00000000ad082558,0x00000000b9300000)
 Metaspace       used 150805K, capacity 159138K, committed 159296K, reserved 1187840K
  class space    used 18827K, capacity 20540K, committed 20608K, reserved 1048576K
Event: 504.241 GC heap after
Heap after GC invocations=54 (full 6):
 PSYoungGen      total 445952K, used 51351K [0x00000000e0000000, 0x0000000100000000, 0x0000000100000000)
  eden space 379904K, 0% used [0x00000000e0000000,0x00000000e0000000,0x00000000f7300000)
  from space 66048K, 77% used [0x00000000fba80000,0x00000000feca5d28,0x00000000ffb00000)
  to   space 72192K, 0% used [0x00000000f7300000,0x00000000f7300000,0x00000000fb980000)
 ParOldGen       total 412672K, used 222031K [0x00000000a0000000, 0x00000000b9300000, 0x00000000e0000000)
  object space 412672K, 53% used [0x00000000a0000000,0x00000000ad8d3c88,0x00000000b9300000)
 Metaspace       used 150805K, capacity 159138K, committed 159296K, reserved 1187840K
  class space    used 18827K, capacity 20540K, committed 20608K, reserved 1048576K
}
Event: 504.875 GC heap before
{Heap before GC invocations=55 (full 6):
 PSYoungGen      total 445952K, used 431255K [0x00000000e0000000, 0x0000000100000000, 0x0000000100000000)
  eden space 379904K, 100% used [0x00000000e0000000,0x00000000f7300000,0x00000000f7300000)
  from space 66048K, 77% used [0x00000000fba80000,0x00000000feca5d28,0x00000000ffb00000)
  to   space 72192K, 0% used [0x00000000f7300000,0x00000000f7300000,0x00000000fb980000)
 ParOldGen       total 412672K, used 222035K [0x00000000a0000000, 0x00000000b9300000, 0x00000000e0000000)
  object space 412672K, 53% used [0x00000000a0000000,0x00000000ad8d4d00,0x00000000b9300000)
 Metaspace       used 151177K, capacity 159564K, committed 159808K, reserved 1187840K
  class space    used 18858K, capacity 20587K, committed 20608K, reserved 1048576K
Event: 504.929 GC heap after
Heap after GC invocations=55 (full 6):
 PSYoungGen      total 424448K, used 44323K [0x00000000e0000000, 0x0000000100000000, 0x0000000100000000)
  eden space 379904K, 0% used [0x00000000e0000000,0x00000000e0000000,0x00000000f7300000)
  from space 44544K, 99% used [0x00000000f7300000,0x00000000f9e48d68,0x00000000f9e80000)
  to   space 74240K, 0% used [0x00000000fb780000,0x00000000fb780000,0x0000000100000000)
 ParOldGen       total 412672K, used 252789K [0x00000000a0000000, 0x00000000b9300000, 0x00000000e0000000)
  object space 412672K, 61% used [0x00000000a0000000,0x00000000af6dd4e0,0x00000000b9300000)
 Metaspace       used 151177K, capacity 159564K, committed 159808K, reserved 1187840K
  class space    used 18858K, capacity 20587K, committed 20608K, reserved 1048576K
}
Event: 505.415 GC heap before
{Heap before GC invocations=56 (full 6):
 PSYoungGen      total 424448K, used 424227K [0x00000000e0000000, 0x0000000100000000, 0x0000000100000000)
  eden space 379904K, 100% used [0x00000000e0000000,0x00000000f7300000,0x00000000f7300000)
  from space 44544K, 99% used [0x00000000f7300000,0x00000000f9e48d68,0x00000000f9e80000)
  to   space 74240K, 0% used [0x00000000fb780000,0x00000000fb780000,0x0000000100000000)
 ParOldGen       total 412672K, used 252789K [0x00000000a0000000, 0x00000000b9300000, 0x00000000e0000000)
  object space 412672K, 61% used [0x00000000a0000000,0x00000000af6dd4e0,0x00000000b9300000)
 Metaspace       used 151486K, capacity 159874K, committed 160064K, reserved 1189888K
  class space    used 18869K, capacity 20592K, committed 20608K, reserved 1048576K
Event: 505.448 GC heap after
Heap after GC invocations=56 (full 6):
 PSYoungGen      total 453632K, used 21675K [0x00000000e0000000, 0x0000000100000000, 0x0000000100000000)
  eden space 379392K, 0% used [0x00000000e0000000,0x00000000e0000000,0x00000000f7280000)
  from space 74240K, 29% used [0x00000000fb780000,0x00000000fccaac98,0x0000000100000000)
  to   space 70656K, 0% used [0x00000000f7280000,0x00000000f7280000,0x00000000fb780000)
 ParOldGen       total 412672K, used 283781K [0x00000000a0000000, 0x00000000b9300000, 0x00000000e0000000)
  object space 412672K, 68% used [0x00000000a0000000,0x00000000b15216a8,0x00000000b9300000)
 Metaspace       used 151486K, capacity 159874K, committed 160064K, reserved 1189888K
  class space    used 18869K, capacity 20592K, committed 20608K, reserved 1048576K
}

